{"C:\\xampp\\htdocs\\daw2\\testing\\buggy_code\\app\\data\\dataset_utils.js": {"path":"C:\\xampp\\htdocs\\daw2\\testing\\buggy_code\\app\\data\\dataset_utils.js","statementMap":{"0":{"start":{"line":4,"column":16},"end":{"line":74,"column":1}},"1":{"start":{"line":82,"column":4},"end":{"line":89,"column":5}},"2":{"start":{"line":88,"column":8},"end":{"line":88,"column":20}},"3":{"start":{"line":90,"column":4},"end":{"line":90,"column":17}},"4":{"start":{"line":100,"column":4},"end":{"line":108,"column":5}},"5":{"start":{"line":107,"column":8},"end":{"line":107,"column":20}},"6":{"start":{"line":109,"column":4},"end":{"line":109,"column":17}},"7":{"start":{"line":118,"column":4},"end":{"line":132,"column":5}},"8":{"start":{"line":131,"column":8},"end":{"line":131,"column":20}},"9":{"start":{"line":133,"column":4},"end":{"line":133,"column":17}},"10":{"start":{"line":142,"column":4},"end":{"line":144,"column":5}},"11":{"start":{"line":143,"column":8},"end":{"line":143,"column":20}},"12":{"start":{"line":147,"column":4},"end":{"line":147,"column":17}},"13":{"start":{"line":150,"column":0},"end":{"line":150,"column":37}},"14":{"start":{"line":151,"column":0},"end":{"line":151,"column":36}},"15":{"start":{"line":152,"column":0},"end":{"line":152,"column":24}},"16":{"start":{"line":153,"column":0},"end":{"line":153,"column":30}},"17":{"start":{"line":154,"column":0},"end":{"line":154,"column":36}}},"fnMap":{"0":{"name":"isForward","decl":{"start":{"line":81,"column":9},"end":{"line":81,"column":18}},"loc":{"start":{"line":81,"column":38},"end":{"line":92,"column":1}},"line":81},"1":{"name":"isBack","decl":{"start":{"line":99,"column":9},"end":{"line":99,"column":15}},"loc":{"start":{"line":99,"column":36},"end":{"line":110,"column":1}},"line":99},"2":{"name":"isMidfielder","decl":{"start":{"line":117,"column":9},"end":{"line":117,"column":21}},"loc":{"start":{"line":117,"column":42},"end":{"line":134,"column":1}},"line":117},"3":{"name":"isGoalKeeper","decl":{"start":{"line":141,"column":9},"end":{"line":141,"column":21}},"loc":{"start":{"line":141,"column":42},"end":{"line":148,"column":1}},"line":141}},"branchMap":{"0":{"loc":{"start":{"line":82,"column":4},"end":{"line":89,"column":5}},"type":"if","locations":[{"start":{"line":82,"column":4},"end":{"line":89,"column":5}},{"start":{"line":82,"column":4},"end":{"line":89,"column":5}}],"line":82},"1":{"loc":{"start":{"line":82,"column":7},"end":{"line":87,"column":50}},"type":"binary-expr","locations":[{"start":{"line":82,"column":7},"end":{"line":82,"column":55}},{"start":{"line":83,"column":4},"end":{"line":83,"column":50}},{"start":{"line":84,"column":4},"end":{"line":84,"column":51}},{"start":{"line":85,"column":4},"end":{"line":85,"column":45}},{"start":{"line":86,"column":4},"end":{"line":86,"column":51}},{"start":{"line":87,"column":4},"end":{"line":87,"column":50}}],"line":82},"2":{"loc":{"start":{"line":100,"column":4},"end":{"line":108,"column":5}},"type":"if","locations":[{"start":{"line":100,"column":4},"end":{"line":108,"column":5}},{"start":{"line":100,"column":4},"end":{"line":108,"column":5}}],"line":100},"3":{"loc":{"start":{"line":100,"column":7},"end":{"line":106,"column":54}},"type":"binary-expr","locations":[{"start":{"line":100,"column":7},"end":{"line":100,"column":53}},{"start":{"line":101,"column":4},"end":{"line":101,"column":48}},{"start":{"line":102,"column":4},"end":{"line":102,"column":55}},{"start":{"line":103,"column":4},"end":{"line":103,"column":53}},{"start":{"line":104,"column":4},"end":{"line":104,"column":49}},{"start":{"line":105,"column":4},"end":{"line":105,"column":56}},{"start":{"line":106,"column":4},"end":{"line":106,"column":54}}],"line":100},"4":{"loc":{"start":{"line":118,"column":4},"end":{"line":132,"column":5}},"type":"if","locations":[{"start":{"line":118,"column":4},"end":{"line":132,"column":5}},{"start":{"line":118,"column":4},"end":{"line":132,"column":5}}],"line":118},"5":{"loc":{"start":{"line":118,"column":7},"end":{"line":130,"column":48}},"type":"binary-expr","locations":[{"start":{"line":118,"column":7},"end":{"line":118,"column":69}},{"start":{"line":119,"column":4},"end":{"line":119,"column":66}},{"start":{"line":120,"column":4},"end":{"line":120,"column":56}},{"start":{"line":121,"column":4},"end":{"line":121,"column":64}},{"start":{"line":122,"column":4},"end":{"line":122,"column":61}},{"start":{"line":123,"column":4},"end":{"line":123,"column":64}},{"start":{"line":124,"column":4},"end":{"line":124,"column":54}},{"start":{"line":125,"column":4},"end":{"line":125,"column":65}},{"start":{"line":126,"column":4},"end":{"line":126,"column":62}},{"start":{"line":127,"column":4},"end":{"line":127,"column":65}},{"start":{"line":128,"column":4},"end":{"line":128,"column":55}},{"start":{"line":129,"column":4},"end":{"line":129,"column":49}},{"start":{"line":130,"column":4},"end":{"line":130,"column":48}}],"line":118},"6":{"loc":{"start":{"line":142,"column":4},"end":{"line":144,"column":5}},"type":"if","locations":[{"start":{"line":142,"column":4},"end":{"line":144,"column":5}},{"start":{"line":142,"column":4},"end":{"line":144,"column":5}}],"line":142}},"s":{"0":3,"1":26,"2":10,"3":16,"4":27,"5":11,"6":16,"7":33,"8":26,"9":7,"10":20,"11":4,"12":16,"13":3,"14":3,"15":3,"16":3,"17":3},"f":{"0":26,"1":27,"2":33,"3":20},"b":{"0":[10,16],"1":[26,24,23,22,18,17],"2":[11,16],"3":[27,23,22,21,20,19,18],"4":[26,7],"5":[33,31,30,29,28,24,23,22,21,20,19,18,14],"6":[4,16]},"_coverageSchema":"332fd63041d2c1bcb487cc26dd0d5f7d97098a6c","hash":"c0a979369d70f424d0fdf387734338166cdaac1d"}
,"C:\\xampp\\htdocs\\daw2\\testing\\buggy_code\\app\\data\\json_reader.js": {"path":"C:\\xampp\\htdocs\\daw2\\testing\\buggy_code\\app\\data\\json_reader.js","statementMap":{"0":{"start":{"line":1,"column":11},"end":{"line":1,"column":24}},"1":{"start":{"line":2,"column":22},"end":{"line":2,"column":65}},"2":{"start":{"line":3,"column":19},"end":{"line":3,"column":44}},"3":{"start":{"line":4,"column":16},"end":{"line":4,"column":42}},"4":{"start":{"line":12,"column":21},"end":{"line":12,"column":23}},"5":{"start":{"line":13,"column":4},"end":{"line":17,"column":5}},"6":{"start":{"line":14,"column":17},"end":{"line":14,"column":48}},"7":{"start":{"line":15,"column":24},"end":{"line":15,"column":63}},"8":{"start":{"line":16,"column":8},"end":{"line":16,"column":35}},"9":{"start":{"line":18,"column":4},"end":{"line":18,"column":22}},"10":{"start":{"line":28,"column":21},"end":{"line":28,"column":30}},"11":{"start":{"line":29,"column":4},"end":{"line":36,"column":5}},"12":{"start":{"line":30,"column":8},"end":{"line":30,"column":42}},"13":{"start":{"line":32,"column":8},"end":{"line":35,"column":53}},"14":{"start":{"line":33,"column":12},"end":{"line":33,"column":62}},"15":{"start":{"line":35,"column":13},"end":{"line":35,"column":53}},"16":{"start":{"line":37,"column":4},"end":{"line":37,"column":22}},"17":{"start":{"line":40,"column":0},"end":{"line":40,"column":36}},"18":{"start":{"line":41,"column":0},"end":{"line":41,"column":55}}},"fnMap":{"0":{"name":"extractDataFromRawJSON","decl":{"start":{"line":11,"column":9},"end":{"line":11,"column":31}},"loc":{"start":{"line":11,"column":43},"end":{"line":19,"column":1}},"line":11},"1":{"name":"readJSONData","decl":{"start":{"line":27,"column":9},"end":{"line":27,"column":21}},"loc":{"start":{"line":27,"column":31},"end":{"line":38,"column":1}},"line":27}},"branchMap":{"0":{"loc":{"start":{"line":32,"column":8},"end":{"line":35,"column":53}},"type":"if","locations":[{"start":{"line":32,"column":8},"end":{"line":35,"column":53}},{"start":{"line":32,"column":8},"end":{"line":35,"column":53}}],"line":32}},"s":{"0":3,"1":3,"2":3,"3":3,"4":3,"5":3,"6":18,"7":18,"8":18,"9":3,"10":6,"11":6,"12":6,"13":2,"14":1,"15":1,"16":4,"17":3,"18":3},"f":{"0":3,"1":6},"b":{"0":[1,1]},"_coverageSchema":"332fd63041d2c1bcb487cc26dd0d5f7d97098a6c","hash":"db5e12674375b976217b62dd13ad42f938c27745"}
,"C:\\xampp\\htdocs\\daw2\\testing\\buggy_code\\app\\data\\player.js": {"path":"C:\\xampp\\htdocs\\daw2\\testing\\buggy_code\\app\\data\\player.js","statementMap":{"0":{"start":{"line":1,"column":22},"end":{"line":1,"column":48}},"1":{"start":{"line":2,"column":16},"end":{"line":2,"column":46}},"2":{"start":{"line":3,"column":21},"end":{"line":3,"column":47}},"3":{"start":{"line":4,"column":21},"end":{"line":4,"column":47}},"4":{"start":{"line":5,"column":18},"end":{"line":5,"column":41}},"5":{"start":{"line":6,"column":15},"end":{"line":6,"column":35}},"6":{"start":{"line":17,"column":8},"end":{"line":17,"column":27}},"7":{"start":{"line":27,"column":21},"end":{"line":27,"column":41}},"8":{"start":{"line":28,"column":8},"end":{"line":28,"column":52}},"9":{"start":{"line":29,"column":8},"end":{"line":29,"column":49}},"10":{"start":{"line":30,"column":8},"end":{"line":30,"column":55}},"11":{"start":{"line":31,"column":8},"end":{"line":31,"column":47}},"12":{"start":{"line":32,"column":8},"end":{"line":32,"column":49}},"13":{"start":{"line":33,"column":8},"end":{"line":33,"column":63}},"14":{"start":{"line":34,"column":21},"end":{"line":34,"column":78}},"15":{"start":{"line":34,"column":28},"end":{"line":34,"column":78}},"16":{"start":{"line":35,"column":21},"end":{"line":35,"column":75}},"17":{"start":{"line":35,"column":28},"end":{"line":35,"column":75}},"18":{"start":{"line":36,"column":20},"end":{"line":44,"column":9}},"19":{"start":{"line":37,"column":12},"end":{"line":43,"column":13}},"20":{"start":{"line":38,"column":24},"end":{"line":38,"column":33}},"21":{"start":{"line":39,"column":16},"end":{"line":39,"column":25}},"22":{"start":{"line":40,"column":19},"end":{"line":43,"column":13}},"23":{"start":{"line":41,"column":24},"end":{"line":41,"column":33}},"24":{"start":{"line":42,"column":16},"end":{"line":42,"column":25}},"25":{"start":{"line":45,"column":8},"end":{"line":45,"column":65}},"26":{"start":{"line":46,"column":33},"end":{"line":46,"column":94}},"27":{"start":{"line":47,"column":8},"end":{"line":47,"column":64}},"28":{"start":{"line":48,"column":8},"end":{"line":48,"column":52}},"29":{"start":{"line":49,"column":8},"end":{"line":49,"column":58}},"30":{"start":{"line":50,"column":8},"end":{"line":50,"column":64}},"31":{"start":{"line":51,"column":8},"end":{"line":51,"column":22}},"32":{"start":{"line":61,"column":8},"end":{"line":61,"column":34}},"33":{"start":{"line":69,"column":8},"end":{"line":69,"column":31}},"34":{"start":{"line":77,"column":8},"end":{"line":77,"column":28}},"35":{"start":{"line":85,"column":8},"end":{"line":85,"column":34}},"36":{"start":{"line":93,"column":8},"end":{"line":93,"column":26}},"37":{"start":{"line":101,"column":8},"end":{"line":101,"column":28}},"38":{"start":{"line":109,"column":8},"end":{"line":109,"column":25}},"39":{"start":{"line":117,"column":8},"end":{"line":117,"column":24}},"40":{"start":{"line":125,"column":8},"end":{"line":125,"column":25}},"41":{"start":{"line":133,"column":8},"end":{"line":133,"column":23}},"42":{"start":{"line":141,"column":8},"end":{"line":141,"column":28}},"43":{"start":{"line":150,"column":8},"end":{"line":152,"column":9}},"44":{"start":{"line":151,"column":12},"end":{"line":151,"column":24}},"45":{"start":{"line":153,"column":8},"end":{"line":153,"column":21}},"46":{"start":{"line":157,"column":0},"end":{"line":157,"column":24}}},"fnMap":{"0":{"name":"(anonymous_0)","decl":{"start":{"line":16,"column":4},"end":{"line":16,"column":5}},"loc":{"start":{"line":16,"column":25},"end":{"line":18,"column":5}},"line":16},"1":{"name":"(anonymous_1)","decl":{"start":{"line":26,"column":4},"end":{"line":26,"column":5}},"loc":{"start":{"line":26,"column":53},"end":{"line":52,"column":5}},"line":26},"2":{"name":"(anonymous_2)","decl":{"start":{"line":34,"column":21},"end":{"line":34,"column":22}},"loc":{"start":{"line":34,"column":28},"end":{"line":34,"column":78}},"line":34},"3":{"name":"(anonymous_3)","decl":{"start":{"line":35,"column":21},"end":{"line":35,"column":22}},"loc":{"start":{"line":35,"column":28},"end":{"line":35,"column":75}},"line":35},"4":{"name":"(anonymous_4)","decl":{"start":{"line":36,"column":20},"end":{"line":36,"column":21}},"loc":{"start":{"line":36,"column":27},"end":{"line":44,"column":9}},"line":36},"5":{"name":"(anonymous_5)","decl":{"start":{"line":60,"column":4},"end":{"line":60,"column":5}},"loc":{"start":{"line":60,"column":18},"end":{"line":62,"column":5}},"line":60},"6":{"name":"(anonymous_6)","decl":{"start":{"line":68,"column":4},"end":{"line":68,"column":5}},"loc":{"start":{"line":68,"column":15},"end":{"line":70,"column":5}},"line":68},"7":{"name":"(anonymous_7)","decl":{"start":{"line":76,"column":4},"end":{"line":76,"column":5}},"loc":{"start":{"line":76,"column":12},"end":{"line":78,"column":5}},"line":76},"8":{"name":"(anonymous_8)","decl":{"start":{"line":84,"column":4},"end":{"line":84,"column":5}},"loc":{"start":{"line":84,"column":18},"end":{"line":86,"column":5}},"line":84},"9":{"name":"(anonymous_9)","decl":{"start":{"line":92,"column":4},"end":{"line":92,"column":5}},"loc":{"start":{"line":92,"column":14},"end":{"line":94,"column":5}},"line":92},"10":{"name":"(anonymous_10)","decl":{"start":{"line":100,"column":4},"end":{"line":100,"column":5}},"loc":{"start":{"line":100,"column":20},"end":{"line":102,"column":5}},"line":100},"11":{"name":"(anonymous_11)","decl":{"start":{"line":108,"column":4},"end":{"line":108,"column":5}},"loc":{"start":{"line":108,"column":13},"end":{"line":110,"column":5}},"line":108},"12":{"name":"(anonymous_12)","decl":{"start":{"line":116,"column":4},"end":{"line":116,"column":5}},"loc":{"start":{"line":116,"column":12},"end":{"line":118,"column":5}},"line":116},"13":{"name":"(anonymous_13)","decl":{"start":{"line":124,"column":4},"end":{"line":124,"column":5}},"loc":{"start":{"line":124,"column":13},"end":{"line":126,"column":5}},"line":124},"14":{"name":"(anonymous_14)","decl":{"start":{"line":132,"column":4},"end":{"line":132,"column":5}},"loc":{"start":{"line":132,"column":11},"end":{"line":134,"column":5}},"line":132},"15":{"name":"(anonymous_15)","decl":{"start":{"line":140,"column":4},"end":{"line":140,"column":5}},"loc":{"start":{"line":140,"column":16},"end":{"line":142,"column":5}},"line":140},"16":{"name":"(anonymous_16)","decl":{"start":{"line":149,"column":4},"end":{"line":149,"column":5}},"loc":{"start":{"line":149,"column":15},"end":{"line":154,"column":5}},"line":149}},"branchMap":{"0":{"loc":{"start":{"line":37,"column":12},"end":{"line":43,"column":13}},"type":"if","locations":[{"start":{"line":37,"column":12},"end":{"line":43,"column":13}},{"start":{"line":37,"column":12},"end":{"line":43,"column":13}}],"line":37},"1":{"loc":{"start":{"line":40,"column":19},"end":{"line":43,"column":13}},"type":"if","locations":[{"start":{"line":40,"column":19},"end":{"line":43,"column":13}},{"start":{"line":40,"column":19},"end":{"line":43,"column":13}}],"line":40},"2":{"loc":{"start":{"line":150,"column":8},"end":{"line":152,"column":9}},"type":"if","locations":[{"start":{"line":150,"column":8},"end":{"line":152,"column":9}},{"start":{"line":150,"column":8},"end":{"line":152,"column":9}}],"line":150},"3":{"loc":{"start":{"line":150,"column":11},"end":{"line":150,"column":69}},"type":"binary-expr","locations":[{"start":{"line":150,"column":11},"end":{"line":150,"column":38}},{"start":{"line":150,"column":42},"end":{"line":150,"column":69}}],"line":150}},"s":{"0":3,"1":3,"2":3,"3":3,"4":3,"5":3,"6":18,"7":18,"8":18,"9":18,"10":18,"11":18,"12":18,"13":18,"14":18,"15":18,"16":18,"17":0,"18":18,"19":18,"20":18,"21":18,"22":0,"23":0,"24":0,"25":18,"26":18,"27":18,"28":18,"29":18,"30":18,"31":18,"32":2,"33":2,"34":1,"35":1,"36":3,"37":1,"38":1,"39":1,"40":1,"41":11,"42":1,"43":5,"44":2,"45":3,"46":3},"f":{"0":18,"1":18,"2":18,"3":0,"4":18,"5":2,"6":2,"7":1,"8":1,"9":3,"10":1,"11":1,"12":1,"13":1,"14":11,"15":1,"16":5},"b":{"0":[18,0],"1":[0,0],"2":[2,3],"3":[5,5]},"_coverageSchema":"332fd63041d2c1bcb487cc26dd0d5f7d97098a6c","hash":"a09b85ec2736eacdf935fe4c0305e192732dc4ac"}
,"C:\\xampp\\htdocs\\daw2\\testing\\buggy_code\\app\\data\\team.js": {"path":"C:\\xampp\\htdocs\\daw2\\testing\\buggy_code\\app\\data\\team.js","statementMap":{"0":{"start":{"line":11,"column":8},"end":{"line":11,"column":33}},"1":{"start":{"line":12,"column":8},"end":{"line":12,"column":39}},"2":{"start":{"line":13,"column":8},"end":{"line":13,"column":27}},"3":{"start":{"line":22,"column":8},"end":{"line":22,"column":29}},"4":{"start":{"line":30,"column":8},"end":{"line":30,"column":30}},"5":{"start":{"line":38,"column":8},"end":{"line":38,"column":40}},"6":{"start":{"line":47,"column":8},"end":{"line":51,"column":9}},"7":{"start":{"line":48,"column":12},"end":{"line":50,"column":13}},"8":{"start":{"line":49,"column":16},"end":{"line":49,"column":28}},"9":{"start":{"line":52,"column":8},"end":{"line":52,"column":21}},"10":{"start":{"line":60,"column":8},"end":{"line":60,"column":39}},"11":{"start":{"line":69,"column":8},"end":{"line":73,"column":9}},"12":{"start":{"line":70,"column":12},"end":{"line":70,"column":42}},"13":{"start":{"line":71,"column":12},"end":{"line":71,"column":46}},"14":{"start":{"line":72,"column":12},"end":{"line":72,"column":24}},"15":{"start":{"line":74,"column":8},"end":{"line":74,"column":21}},"16":{"start":{"line":82,"column":8},"end":{"line":84,"column":9}},"17":{"start":{"line":83,"column":12},"end":{"line":83,"column":35}},"18":{"start":{"line":92,"column":27},"end":{"line":92,"column":28}},"19":{"start":{"line":93,"column":31},"end":{"line":93,"column":32}},"20":{"start":{"line":94,"column":17},"end":{"line":94,"column":18}},"21":{"start":{"line":95,"column":8},"end":{"line":98,"column":9}},"22":{"start":{"line":96,"column":12},"end":{"line":96,"column":57}},"23":{"start":{"line":97,"column":12},"end":{"line":97,"column":19}},"24":{"start":{"line":99,"column":8},"end":{"line":99,"column":49}},"25":{"start":{"line":100,"column":8},"end":{"line":100,"column":34}},"26":{"start":{"line":108,"column":31},"end":{"line":108,"column":96}},"27":{"start":{"line":109,"column":26},"end":{"line":109,"column":65}},"28":{"start":{"line":110,"column":8},"end":{"line":110,"column":45}},"29":{"start":{"line":122,"column":33},"end":{"line":122,"column":50}},"30":{"start":{"line":124,"column":8},"end":{"line":127,"column":9}},"31":{"start":{"line":125,"column":12},"end":{"line":126,"column":53}},"32":{"start":{"line":129,"column":8},"end":{"line":129,"column":78}},"33":{"start":{"line":129,"column":61},"end":{"line":129,"column":75}},"34":{"start":{"line":131,"column":8},"end":{"line":133,"column":9}},"35":{"start":{"line":131,"column":41},"end":{"line":131,"column":49}},"36":{"start":{"line":132,"column":12},"end":{"line":132,"column":74}},"37":{"start":{"line":135,"column":8},"end":{"line":135,"column":34}},"38":{"start":{"line":146,"column":8},"end":{"line":148,"column":9}},"39":{"start":{"line":147,"column":12},"end":{"line":147,"column":63}},"40":{"start":{"line":149,"column":30},"end":{"line":149,"column":41}},"41":{"start":{"line":150,"column":30},"end":{"line":150,"column":49}},"42":{"start":{"line":152,"column":8},"end":{"line":156,"column":9}},"43":{"start":{"line":153,"column":30},"end":{"line":153,"column":78}},"44":{"start":{"line":154,"column":25},"end":{"line":154,"column":53}},"45":{"start":{"line":155,"column":12},"end":{"line":155,"column":41}},"46":{"start":{"line":157,"column":8},"end":{"line":157,"column":31}},"47":{"start":{"line":171,"column":33},"end":{"line":171,"column":58}},"48":{"start":{"line":172,"column":28},"end":{"line":172,"column":59}},"49":{"start":{"line":173,"column":32},"end":{"line":173,"column":63}},"50":{"start":{"line":174,"column":31},"end":{"line":174,"column":62}},"51":{"start":{"line":175,"column":33},"end":{"line":175,"column":89}},"52":{"start":{"line":176,"column":8},"end":{"line":178,"column":9}},"53":{"start":{"line":177,"column":12},"end":{"line":177,"column":65}},"54":{"start":{"line":179,"column":8},"end":{"line":181,"column":9}},"55":{"start":{"line":180,"column":12},"end":{"line":180,"column":61}},"56":{"start":{"line":182,"column":8},"end":{"line":184,"column":9}},"57":{"start":{"line":183,"column":12},"end":{"line":183,"column":63}},"58":{"start":{"line":185,"column":8},"end":{"line":187,"column":9}},"59":{"start":{"line":186,"column":12},"end":{"line":186,"column":65}},"60":{"start":{"line":191,"column":8},"end":{"line":216,"column":9}},"61":{"start":{"line":192,"column":26},"end":{"line":192,"column":44}},"62":{"start":{"line":194,"column":35},"end":{"line":194,"column":44}},"63":{"start":{"line":196,"column":12},"end":{"line":213,"column":13}},"64":{"start":{"line":197,"column":25},"end":{"line":197,"column":46}},"65":{"start":{"line":198,"column":25},"end":{"line":198,"column":40}},"66":{"start":{"line":199,"column":25},"end":{"line":199,"column":46}},"67":{"start":{"line":200,"column":25},"end":{"line":200,"column":43}},"68":{"start":{"line":202,"column":40},"end":{"line":202,"column":65}},"69":{"start":{"line":204,"column":46},"end":{"line":204,"column":71}},"70":{"start":{"line":206,"column":34},"end":{"line":206,"column":79}},"71":{"start":{"line":208,"column":38},"end":{"line":208,"column":97}},"72":{"start":{"line":210,"column":16},"end":{"line":210,"column":88}},"73":{"start":{"line":210,"column":50},"end":{"line":210,"column":86}},"74":{"start":{"line":212,"column":16},"end":{"line":212,"column":52}},"75":{"start":{"line":222,"column":0},"end":{"line":222,"column":20}}},"fnMap":{"0":{"name":"(anonymous_0)","decl":{"start":{"line":10,"column":4},"end":{"line":10,"column":5}},"loc":{"start":{"line":10,"column":25},"end":{"line":15,"column":5}},"line":10},"1":{"name":"(anonymous_1)","decl":{"start":{"line":21,"column":4},"end":{"line":21,"column":5}},"loc":{"start":{"line":21,"column":17},"end":{"line":23,"column":5}},"line":21},"2":{"name":"(anonymous_2)","decl":{"start":{"line":29,"column":4},"end":{"line":29,"column":5}},"loc":{"start":{"line":29,"column":18},"end":{"line":31,"column":5}},"line":29},"3":{"name":"(anonymous_3)","decl":{"start":{"line":37,"column":4},"end":{"line":37,"column":5}},"loc":{"start":{"line":37,"column":16},"end":{"line":39,"column":5}},"line":37},"4":{"name":"(anonymous_4)","decl":{"start":{"line":46,"column":4},"end":{"line":46,"column":5}},"loc":{"start":{"line":46,"column":21},"end":{"line":53,"column":5}},"line":46},"5":{"name":"(anonymous_5)","decl":{"start":{"line":59,"column":4},"end":{"line":59,"column":5}},"loc":{"start":{"line":59,"column":22},"end":{"line":61,"column":5}},"line":59},"6":{"name":"(anonymous_6)","decl":{"start":{"line":68,"column":4},"end":{"line":68,"column":5}},"loc":{"start":{"line":68,"column":21},"end":{"line":75,"column":5}},"line":68},"7":{"name":"(anonymous_7)","decl":{"start":{"line":81,"column":4},"end":{"line":81,"column":5}},"loc":{"start":{"line":81,"column":27},"end":{"line":85,"column":5}},"line":81},"8":{"name":"(anonymous_8)","decl":{"start":{"line":91,"column":4},"end":{"line":91,"column":5}},"loc":{"start":{"line":91,"column":27},"end":{"line":101,"column":5}},"line":91},"9":{"name":"(anonymous_9)","decl":{"start":{"line":107,"column":4},"end":{"line":107,"column":5}},"loc":{"start":{"line":107,"column":32},"end":{"line":111,"column":5}},"line":107},"10":{"name":"(anonymous_10)","decl":{"start":{"line":120,"column":4},"end":{"line":120,"column":5}},"loc":{"start":{"line":120,"column":31},"end":{"line":136,"column":5}},"line":120},"11":{"name":"(anonymous_11)","decl":{"start":{"line":129,"column":53},"end":{"line":129,"column":54}},"loc":{"start":{"line":129,"column":61},"end":{"line":129,"column":75}},"line":129},"12":{"name":"(anonymous_12)","decl":{"start":{"line":131,"column":36},"end":{"line":131,"column":37}},"loc":{"start":{"line":131,"column":41},"end":{"line":131,"column":49}},"line":131},"13":{"name":"(anonymous_13)","decl":{"start":{"line":145,"column":4},"end":{"line":145,"column":5}},"loc":{"start":{"line":145,"column":55},"end":{"line":158,"column":5}},"line":145},"14":{"name":"(anonymous_14)","decl":{"start":{"line":169,"column":4},"end":{"line":169,"column":5}},"loc":{"start":{"line":169,"column":74},"end":{"line":218,"column":5}},"line":169},"15":{"name":"(anonymous_15)","decl":{"start":{"line":197,"column":17},"end":{"line":197,"column":18}},"loc":{"start":{"line":197,"column":25},"end":{"line":197,"column":46}},"line":197},"16":{"name":"(anonymous_16)","decl":{"start":{"line":198,"column":17},"end":{"line":198,"column":18}},"loc":{"start":{"line":198,"column":25},"end":{"line":198,"column":40}},"line":198},"17":{"name":"(anonymous_17)","decl":{"start":{"line":199,"column":17},"end":{"line":199,"column":18}},"loc":{"start":{"line":199,"column":25},"end":{"line":199,"column":46}},"line":199},"18":{"name":"(anonymous_18)","decl":{"start":{"line":200,"column":17},"end":{"line":200,"column":18}},"loc":{"start":{"line":200,"column":25},"end":{"line":200,"column":43}},"line":200},"19":{"name":"(anonymous_19)","decl":{"start":{"line":210,"column":40},"end":{"line":210,"column":41}},"loc":{"start":{"line":210,"column":50},"end":{"line":210,"column":86}},"line":210}},"branchMap":{"0":{"loc":{"start":{"line":48,"column":12},"end":{"line":50,"column":13}},"type":"if","locations":[{"start":{"line":48,"column":12},"end":{"line":50,"column":13}},{"start":{"line":48,"column":12},"end":{"line":50,"column":13}}],"line":48},"1":{"loc":{"start":{"line":69,"column":8},"end":{"line":73,"column":9}},"type":"if","locations":[{"start":{"line":69,"column":8},"end":{"line":73,"column":9}},{"start":{"line":69,"column":8},"end":{"line":73,"column":9}}],"line":69},"2":{"loc":{"start":{"line":124,"column":8},"end":{"line":127,"column":9}},"type":"if","locations":[{"start":{"line":124,"column":8},"end":{"line":127,"column":9}},{"start":{"line":124,"column":8},"end":{"line":127,"column":9}}],"line":124},"3":{"loc":{"start":{"line":131,"column":8},"end":{"line":133,"column":9}},"type":"if","locations":[{"start":{"line":131,"column":8},"end":{"line":133,"column":9}},{"start":{"line":131,"column":8},"end":{"line":133,"column":9}}],"line":131},"4":{"loc":{"start":{"line":146,"column":8},"end":{"line":148,"column":9}},"type":"if","locations":[{"start":{"line":146,"column":8},"end":{"line":148,"column":9}},{"start":{"line":146,"column":8},"end":{"line":148,"column":9}}],"line":146},"5":{"loc":{"start":{"line":176,"column":8},"end":{"line":178,"column":9}},"type":"if","locations":[{"start":{"line":176,"column":8},"end":{"line":178,"column":9}},{"start":{"line":176,"column":8},"end":{"line":178,"column":9}}],"line":176},"6":{"loc":{"start":{"line":179,"column":8},"end":{"line":181,"column":9}},"type":"if","locations":[{"start":{"line":179,"column":8},"end":{"line":181,"column":9}},{"start":{"line":179,"column":8},"end":{"line":181,"column":9}}],"line":179},"7":{"loc":{"start":{"line":182,"column":8},"end":{"line":184,"column":9}},"type":"if","locations":[{"start":{"line":182,"column":8},"end":{"line":184,"column":9}},{"start":{"line":182,"column":8},"end":{"line":184,"column":9}}],"line":182},"8":{"loc":{"start":{"line":185,"column":8},"end":{"line":187,"column":9}},"type":"if","locations":[{"start":{"line":185,"column":8},"end":{"line":187,"column":9}},{"start":{"line":185,"column":8},"end":{"line":187,"column":9}}],"line":185}},"s":{"0":1,"1":1,"2":1,"3":1,"4":1,"5":1,"6":4,"7":4,"8":1,"9":3,"10":1,"11":2,"12":2,"13":2,"14":2,"15":0,"16":0,"17":0,"18":1,"19":1,"20":1,"21":1,"22":2,"23":2,"24":1,"25":1,"26":0,"27":0,"28":0,"29":0,"30":0,"31":0,"32":0,"33":0,"34":0,"35":0,"36":0,"37":0,"38":0,"39":0,"40":0,"41":0,"42":0,"43":0,"44":0,"45":0,"46":0,"47":0,"48":0,"49":0,"50":0,"51":0,"52":0,"53":0,"54":0,"55":0,"56":0,"57":0,"58":0,"59":0,"60":0,"61":0,"62":0,"63":0,"64":0,"65":0,"66":0,"67":0,"68":0,"69":0,"70":0,"71":0,"72":0,"73":0,"74":0,"75":1},"f":{"0":1,"1":1,"2":1,"3":1,"4":4,"5":1,"6":2,"7":0,"8":1,"9":0,"10":0,"11":0,"12":0,"13":0,"14":0,"15":0,"16":0,"17":0,"18":0,"19":0},"b":{"0":[1,3],"1":[2,0],"2":[0,0],"3":[0,0],"4":[0,0],"5":[0,0],"6":[0,0],"7":[0,0],"8":[0,0]},"_coverageSchema":"332fd63041d2c1bcb487cc26dd0d5f7d97098a6c","hash":"5febb2443dc920c2c6c643923ffcaf904ff2106c"}
}
