{"C:\\xampp\\htdocs\\daw2\\desarrolloEntornoCliente\\Unidad2-Profundizacion\\Evaluable03 - Buggy_code\\buggy_code\\app\\data\\dataset_utils.js": {"path":"C:\\xampp\\htdocs\\daw2\\desarrolloEntornoCliente\\Unidad2-Profundizacion\\Evaluable03 - Buggy_code\\buggy_code\\app\\data\\dataset_utils.js","statementMap":{"0":{"start":{"line":4,"column":16},"end":{"line":74,"column":1}},"1":{"start":{"line":82,"column":1},"end":{"line":89,"column":2}},"2":{"start":{"line":88,"column":2},"end":{"line":88,"column":14}},"3":{"start":{"line":90,"column":1},"end":{"line":90,"column":14}},"4":{"start":{"line":100,"column":1},"end":{"line":108,"column":2}},"5":{"start":{"line":107,"column":2},"end":{"line":107,"column":14}},"6":{"start":{"line":109,"column":1},"end":{"line":109,"column":14}},"7":{"start":{"line":118,"column":1},"end":{"line":132,"column":2}},"8":{"start":{"line":131,"column":2},"end":{"line":131,"column":14}},"9":{"start":{"line":133,"column":1},"end":{"line":133,"column":14}},"10":{"start":{"line":142,"column":1},"end":{"line":144,"column":2}},"11":{"start":{"line":143,"column":2},"end":{"line":143,"column":14}},"12":{"start":{"line":149,"column":1},"end":{"line":149,"column":14}},"13":{"start":{"line":152,"column":0},"end":{"line":152,"column":37}},"14":{"start":{"line":153,"column":0},"end":{"line":153,"column":36}},"15":{"start":{"line":154,"column":0},"end":{"line":154,"column":24}},"16":{"start":{"line":155,"column":0},"end":{"line":155,"column":30}},"17":{"start":{"line":156,"column":0},"end":{"line":156,"column":36}}},"fnMap":{"0":{"name":"isForward","decl":{"start":{"line":81,"column":9},"end":{"line":81,"column":18}},"loc":{"start":{"line":81,"column":39},"end":{"line":92,"column":1}},"line":81},"1":{"name":"isBack","decl":{"start":{"line":99,"column":9},"end":{"line":99,"column":15}},"loc":{"start":{"line":99,"column":37},"end":{"line":110,"column":1}},"line":99},"2":{"name":"isMidfielder","decl":{"start":{"line":117,"column":9},"end":{"line":117,"column":21}},"loc":{"start":{"line":117,"column":43},"end":{"line":134,"column":1}},"line":117},"3":{"name":"isGoalKeeper","decl":{"start":{"line":141,"column":9},"end":{"line":141,"column":21}},"loc":{"start":{"line":141,"column":43},"end":{"line":150,"column":1}},"line":141}},"branchMap":{"0":{"loc":{"start":{"line":82,"column":1},"end":{"line":89,"column":2}},"type":"if","locations":[{"start":{"line":82,"column":1},"end":{"line":89,"column":2}},{"start":{"line":82,"column":1},"end":{"line":89,"column":2}}],"line":82},"1":{"loc":{"start":{"line":82,"column":5},"end":{"line":87,"column":48}},"type":"binary-expr","locations":[{"start":{"line":82,"column":5},"end":{"line":82,"column":53}},{"start":{"line":83,"column":2},"end":{"line":83,"column":48}},{"start":{"line":84,"column":2},"end":{"line":84,"column":49}},{"start":{"line":85,"column":2},"end":{"line":85,"column":43}},{"start":{"line":86,"column":2},"end":{"line":86,"column":49}},{"start":{"line":87,"column":2},"end":{"line":87,"column":48}}],"line":82},"2":{"loc":{"start":{"line":100,"column":1},"end":{"line":108,"column":2}},"type":"if","locations":[{"start":{"line":100,"column":1},"end":{"line":108,"column":2}},{"start":{"line":100,"column":1},"end":{"line":108,"column":2}}],"line":100},"3":{"loc":{"start":{"line":100,"column":5},"end":{"line":106,"column":52}},"type":"binary-expr","locations":[{"start":{"line":100,"column":5},"end":{"line":100,"column":51}},{"start":{"line":101,"column":2},"end":{"line":101,"column":46}},{"start":{"line":102,"column":2},"end":{"line":102,"column":53}},{"start":{"line":103,"column":2},"end":{"line":103,"column":51}},{"start":{"line":104,"column":2},"end":{"line":104,"column":47}},{"start":{"line":105,"column":2},"end":{"line":105,"column":54}},{"start":{"line":106,"column":2},"end":{"line":106,"column":52}}],"line":100},"4":{"loc":{"start":{"line":118,"column":1},"end":{"line":132,"column":2}},"type":"if","locations":[{"start":{"line":118,"column":1},"end":{"line":132,"column":2}},{"start":{"line":118,"column":1},"end":{"line":132,"column":2}}],"line":118},"5":{"loc":{"start":{"line":118,"column":5},"end":{"line":130,"column":46}},"type":"binary-expr","locations":[{"start":{"line":118,"column":5},"end":{"line":118,"column":67}},{"start":{"line":119,"column":2},"end":{"line":119,"column":64}},{"start":{"line":120,"column":2},"end":{"line":120,"column":54}},{"start":{"line":121,"column":2},"end":{"line":121,"column":62}},{"start":{"line":122,"column":2},"end":{"line":122,"column":59}},{"start":{"line":123,"column":2},"end":{"line":123,"column":62}},{"start":{"line":124,"column":2},"end":{"line":124,"column":52}},{"start":{"line":125,"column":2},"end":{"line":125,"column":63}},{"start":{"line":126,"column":2},"end":{"line":126,"column":60}},{"start":{"line":127,"column":2},"end":{"line":127,"column":63}},{"start":{"line":128,"column":2},"end":{"line":128,"column":53}},{"start":{"line":129,"column":2},"end":{"line":129,"column":47}},{"start":{"line":130,"column":2},"end":{"line":130,"column":46}}],"line":118},"6":{"loc":{"start":{"line":142,"column":1},"end":{"line":144,"column":2}},"type":"if","locations":[{"start":{"line":142,"column":1},"end":{"line":144,"column":2}},{"start":{"line":142,"column":1},"end":{"line":144,"column":2}}],"line":142}},"s":{"0":3,"1":20,"2":11,"3":9,"4":21,"5":8,"6":13,"7":27,"8":26,"9":1,"10":14,"11":1,"12":13,"13":3,"14":3,"15":3,"16":3,"17":3},"f":{"0":20,"1":21,"2":27,"3":14},"b":{"0":[11,9],"1":[20,18,17,16,11,10],"2":[8,13],"3":[21,20,19,18,17,16,15],"4":[26,1],"5":[27,25,24,23,22,21,20,19,18,17,16,15,10],"6":[1,13]},"_coverageSchema":"332fd63041d2c1bcb487cc26dd0d5f7d97098a6c","hash":"e9cf36d41c87bceb13935c1e8465dcee80cff5e8"}
,"C:\\xampp\\htdocs\\daw2\\desarrolloEntornoCliente\\Unidad2-Profundizacion\\Evaluable03 - Buggy_code\\buggy_code\\app\\data\\json_reader.js": {"path":"C:\\xampp\\htdocs\\daw2\\desarrolloEntornoCliente\\Unidad2-Profundizacion\\Evaluable03 - Buggy_code\\buggy_code\\app\\data\\json_reader.js","statementMap":{"0":{"start":{"line":1,"column":11},"end":{"line":1,"column":24}},"1":{"start":{"line":2,"column":22},"end":{"line":2,"column":65}},"2":{"start":{"line":3,"column":19},"end":{"line":3,"column":44}},"3":{"start":{"line":4,"column":16},"end":{"line":4,"column":42}},"4":{"start":{"line":12,"column":21},"end":{"line":12,"column":23}},"5":{"start":{"line":13,"column":4},"end":{"line":17,"column":5}},"6":{"start":{"line":14,"column":17},"end":{"line":14,"column":48}},"7":{"start":{"line":15,"column":24},"end":{"line":15,"column":63}},"8":{"start":{"line":16,"column":8},"end":{"line":16,"column":35}},"9":{"start":{"line":18,"column":4},"end":{"line":18,"column":22}},"10":{"start":{"line":28,"column":21},"end":{"line":28,"column":30}},"11":{"start":{"line":29,"column":4},"end":{"line":36,"column":5}},"12":{"start":{"line":30,"column":8},"end":{"line":30,"column":42}},"13":{"start":{"line":32,"column":8},"end":{"line":35,"column":53}},"14":{"start":{"line":33,"column":12},"end":{"line":33,"column":62}},"15":{"start":{"line":35,"column":13},"end":{"line":35,"column":53}},"16":{"start":{"line":37,"column":4},"end":{"line":37,"column":22}},"17":{"start":{"line":40,"column":0},"end":{"line":40,"column":36}},"18":{"start":{"line":41,"column":0},"end":{"line":41,"column":55}}},"fnMap":{"0":{"name":"extractDataFromRawJSON","decl":{"start":{"line":11,"column":9},"end":{"line":11,"column":31}},"loc":{"start":{"line":11,"column":43},"end":{"line":19,"column":1}},"line":11},"1":{"name":"readJSONData","decl":{"start":{"line":27,"column":9},"end":{"line":27,"column":21}},"loc":{"start":{"line":27,"column":31},"end":{"line":38,"column":1}},"line":27}},"branchMap":{"0":{"loc":{"start":{"line":32,"column":8},"end":{"line":35,"column":53}},"type":"if","locations":[{"start":{"line":32,"column":8},"end":{"line":35,"column":53}},{"start":{"line":32,"column":8},"end":{"line":35,"column":53}}],"line":32}},"s":{"0":3,"1":3,"2":3,"3":3,"4":4,"5":4,"6":12,"7":12,"8":12,"9":4,"10":7,"11":7,"12":7,"13":2,"14":1,"15":1,"16":5,"17":3,"18":3},"f":{"0":4,"1":7},"b":{"0":[1,1]},"_coverageSchema":"332fd63041d2c1bcb487cc26dd0d5f7d97098a6c","hash":"67c906a2ffe6a6b8a58cc521c1d78ed44bba696d"}
,"C:\\xampp\\htdocs\\daw2\\desarrolloEntornoCliente\\Unidad2-Profundizacion\\Evaluable03 - Buggy_code\\buggy_code\\app\\data\\player.js": {"path":"C:\\xampp\\htdocs\\daw2\\desarrolloEntornoCliente\\Unidad2-Profundizacion\\Evaluable03 - Buggy_code\\buggy_code\\app\\data\\player.js","statementMap":{"0":{"start":{"line":1,"column":22},"end":{"line":1,"column":48}},"1":{"start":{"line":2,"column":18},"end":{"line":2,"column":48}},"2":{"start":{"line":3,"column":21},"end":{"line":3,"column":47}},"3":{"start":{"line":4,"column":21},"end":{"line":4,"column":47}},"4":{"start":{"line":5,"column":18},"end":{"line":5,"column":41}},"5":{"start":{"line":6,"column":15},"end":{"line":6,"column":35}},"6":{"start":{"line":17,"column":2},"end":{"line":17,"column":21}},"7":{"start":{"line":27,"column":15},"end":{"line":27,"column":35}},"8":{"start":{"line":28,"column":2},"end":{"line":28,"column":46}},"9":{"start":{"line":29,"column":2},"end":{"line":29,"column":43}},"10":{"start":{"line":30,"column":2},"end":{"line":30,"column":49}},"11":{"start":{"line":31,"column":2},"end":{"line":31,"column":41}},"12":{"start":{"line":32,"column":2},"end":{"line":32,"column":43}},"13":{"start":{"line":33,"column":2},"end":{"line":33,"column":57}},"14":{"start":{"line":34,"column":15},"end":{"line":34,"column":72}},"15":{"start":{"line":34,"column":22},"end":{"line":34,"column":72}},"16":{"start":{"line":35,"column":15},"end":{"line":35,"column":69}},"17":{"start":{"line":35,"column":22},"end":{"line":35,"column":69}},"18":{"start":{"line":36,"column":14},"end":{"line":44,"column":3}},"19":{"start":{"line":37,"column":3},"end":{"line":43,"column":4}},"20":{"start":{"line":38,"column":12},"end":{"line":38,"column":21}},"21":{"start":{"line":39,"column":4},"end":{"line":39,"column":13}},"22":{"start":{"line":40,"column":10},"end":{"line":43,"column":4}},"23":{"start":{"line":41,"column":12},"end":{"line":41,"column":21}},"24":{"start":{"line":42,"column":4},"end":{"line":42,"column":13}},"25":{"start":{"line":45,"column":2},"end":{"line":45,"column":59}},"26":{"start":{"line":46,"column":27},"end":{"line":46,"column":88}},"27":{"start":{"line":47,"column":2},"end":{"line":47,"column":58}},"28":{"start":{"line":48,"column":2},"end":{"line":48,"column":46}},"29":{"start":{"line":49,"column":2},"end":{"line":49,"column":52}},"30":{"start":{"line":50,"column":2},"end":{"line":50,"column":58}},"31":{"start":{"line":51,"column":2},"end":{"line":51,"column":16}},"32":{"start":{"line":61,"column":2},"end":{"line":61,"column":28}},"33":{"start":{"line":69,"column":2},"end":{"line":69,"column":25}},"34":{"start":{"line":77,"column":2},"end":{"line":77,"column":22}},"35":{"start":{"line":85,"column":2},"end":{"line":85,"column":28}},"36":{"start":{"line":93,"column":2},"end":{"line":93,"column":20}},"37":{"start":{"line":101,"column":2},"end":{"line":101,"column":22}},"38":{"start":{"line":109,"column":2},"end":{"line":109,"column":19}},"39":{"start":{"line":117,"column":2},"end":{"line":117,"column":18}},"40":{"start":{"line":125,"column":2},"end":{"line":125,"column":19}},"41":{"start":{"line":133,"column":2},"end":{"line":133,"column":17}},"42":{"start":{"line":141,"column":2},"end":{"line":141,"column":22}},"43":{"start":{"line":150,"column":2},"end":{"line":152,"column":3}},"44":{"start":{"line":151,"column":3},"end":{"line":151,"column":15}},"45":{"start":{"line":153,"column":2},"end":{"line":153,"column":15}},"46":{"start":{"line":157,"column":0},"end":{"line":157,"column":24}}},"fnMap":{"0":{"name":"(anonymous_0)","decl":{"start":{"line":16,"column":1},"end":{"line":16,"column":2}},"loc":{"start":{"line":16,"column":23},"end":{"line":18,"column":2}},"line":16},"1":{"name":"(anonymous_1)","decl":{"start":{"line":26,"column":1},"end":{"line":26,"column":2}},"loc":{"start":{"line":26,"column":52},"end":{"line":52,"column":2}},"line":26},"2":{"name":"(anonymous_2)","decl":{"start":{"line":34,"column":15},"end":{"line":34,"column":16}},"loc":{"start":{"line":34,"column":22},"end":{"line":34,"column":72}},"line":34},"3":{"name":"(anonymous_3)","decl":{"start":{"line":35,"column":15},"end":{"line":35,"column":16}},"loc":{"start":{"line":35,"column":22},"end":{"line":35,"column":69}},"line":35},"4":{"name":"(anonymous_4)","decl":{"start":{"line":36,"column":14},"end":{"line":36,"column":15}},"loc":{"start":{"line":36,"column":21},"end":{"line":44,"column":3}},"line":36},"5":{"name":"(anonymous_5)","decl":{"start":{"line":60,"column":1},"end":{"line":60,"column":2}},"loc":{"start":{"line":60,"column":16},"end":{"line":62,"column":2}},"line":60},"6":{"name":"(anonymous_6)","decl":{"start":{"line":68,"column":1},"end":{"line":68,"column":2}},"loc":{"start":{"line":68,"column":13},"end":{"line":70,"column":2}},"line":68},"7":{"name":"(anonymous_7)","decl":{"start":{"line":76,"column":1},"end":{"line":76,"column":2}},"loc":{"start":{"line":76,"column":10},"end":{"line":78,"column":2}},"line":76},"8":{"name":"(anonymous_8)","decl":{"start":{"line":84,"column":1},"end":{"line":84,"column":2}},"loc":{"start":{"line":84,"column":16},"end":{"line":86,"column":2}},"line":84},"9":{"name":"(anonymous_9)","decl":{"start":{"line":92,"column":1},"end":{"line":92,"column":2}},"loc":{"start":{"line":92,"column":12},"end":{"line":94,"column":2}},"line":92},"10":{"name":"(anonymous_10)","decl":{"start":{"line":100,"column":1},"end":{"line":100,"column":2}},"loc":{"start":{"line":100,"column":18},"end":{"line":102,"column":2}},"line":100},"11":{"name":"(anonymous_11)","decl":{"start":{"line":108,"column":1},"end":{"line":108,"column":2}},"loc":{"start":{"line":108,"column":11},"end":{"line":110,"column":2}},"line":108},"12":{"name":"(anonymous_12)","decl":{"start":{"line":116,"column":1},"end":{"line":116,"column":2}},"loc":{"start":{"line":116,"column":10},"end":{"line":118,"column":2}},"line":116},"13":{"name":"(anonymous_13)","decl":{"start":{"line":124,"column":1},"end":{"line":124,"column":2}},"loc":{"start":{"line":124,"column":11},"end":{"line":126,"column":2}},"line":124},"14":{"name":"(anonymous_14)","decl":{"start":{"line":132,"column":1},"end":{"line":132,"column":2}},"loc":{"start":{"line":132,"column":9},"end":{"line":134,"column":2}},"line":132},"15":{"name":"(anonymous_15)","decl":{"start":{"line":140,"column":1},"end":{"line":140,"column":2}},"loc":{"start":{"line":140,"column":14},"end":{"line":142,"column":2}},"line":140},"16":{"name":"(anonymous_16)","decl":{"start":{"line":149,"column":1},"end":{"line":149,"column":2}},"loc":{"start":{"line":149,"column":13},"end":{"line":154,"column":2}},"line":149}},"branchMap":{"0":{"loc":{"start":{"line":37,"column":3},"end":{"line":43,"column":4}},"type":"if","locations":[{"start":{"line":37,"column":3},"end":{"line":43,"column":4}},{"start":{"line":37,"column":3},"end":{"line":43,"column":4}}],"line":37},"1":{"loc":{"start":{"line":40,"column":10},"end":{"line":43,"column":4}},"type":"if","locations":[{"start":{"line":40,"column":10},"end":{"line":43,"column":4}},{"start":{"line":40,"column":10},"end":{"line":43,"column":4}}],"line":40},"2":{"loc":{"start":{"line":150,"column":2},"end":{"line":152,"column":3}},"type":"if","locations":[{"start":{"line":150,"column":2},"end":{"line":152,"column":3}},{"start":{"line":150,"column":2},"end":{"line":152,"column":3}}],"line":150},"3":{"loc":{"start":{"line":150,"column":6},"end":{"line":150,"column":66}},"type":"binary-expr","locations":[{"start":{"line":150,"column":6},"end":{"line":150,"column":35}},{"start":{"line":150,"column":39},"end":{"line":150,"column":66}}],"line":150}},"s":{"0":3,"1":3,"2":3,"3":3,"4":3,"5":3,"6":12,"7":12,"8":12,"9":12,"10":12,"11":12,"12":12,"13":12,"14":12,"15":12,"16":12,"17":0,"18":12,"19":12,"20":12,"21":12,"22":0,"23":0,"24":0,"25":12,"26":12,"27":12,"28":12,"29":12,"30":12,"31":12,"32":1,"33":4,"34":3,"35":3,"36":5,"37":3,"38":3,"39":3,"40":3,"41":11,"42":3,"43":5,"44":2,"45":3,"46":3},"f":{"0":12,"1":12,"2":12,"3":0,"4":12,"5":1,"6":4,"7":3,"8":3,"9":5,"10":3,"11":3,"12":3,"13":3,"14":11,"15":3,"16":5},"b":{"0":[12,0],"1":[0,0],"2":[2,3],"3":[5,5]},"_coverageSchema":"332fd63041d2c1bcb487cc26dd0d5f7d97098a6c","hash":"ec3a100f764d0bc4a108fed884d162375c8bea6c"}
,"C:\\xampp\\htdocs\\daw2\\desarrolloEntornoCliente\\Unidad2-Profundizacion\\Evaluable03 - Buggy_code\\buggy_code\\app\\data\\team.js": {"path":"C:\\xampp\\htdocs\\daw2\\desarrolloEntornoCliente\\Unidad2-Profundizacion\\Evaluable03 - Buggy_code\\buggy_code\\app\\data\\team.js","statementMap":{"0":{"start":{"line":11,"column":8},"end":{"line":11,"column":33}},"1":{"start":{"line":12,"column":8},"end":{"line":12,"column":39}},"2":{"start":{"line":13,"column":8},"end":{"line":13,"column":27}},"3":{"start":{"line":21,"column":8},"end":{"line":21,"column":29}},"4":{"start":{"line":29,"column":8},"end":{"line":29,"column":30}},"5":{"start":{"line":37,"column":8},"end":{"line":37,"column":40}},"6":{"start":{"line":46,"column":8},"end":{"line":50,"column":9}},"7":{"start":{"line":47,"column":12},"end":{"line":49,"column":13}},"8":{"start":{"line":48,"column":16},"end":{"line":48,"column":28}},"9":{"start":{"line":51,"column":8},"end":{"line":51,"column":21}},"10":{"start":{"line":59,"column":8},"end":{"line":59,"column":39}},"11":{"start":{"line":68,"column":8},"end":{"line":72,"column":9}},"12":{"start":{"line":69,"column":12},"end":{"line":69,"column":42}},"13":{"start":{"line":70,"column":12},"end":{"line":70,"column":46}},"14":{"start":{"line":71,"column":12},"end":{"line":71,"column":24}},"15":{"start":{"line":73,"column":8},"end":{"line":73,"column":21}},"16":{"start":{"line":81,"column":8},"end":{"line":83,"column":9}},"17":{"start":{"line":82,"column":12},"end":{"line":82,"column":35}},"18":{"start":{"line":91,"column":8},"end":{"line":91,"column":17}},"19":{"start":{"line":99,"column":31},"end":{"line":99,"column":96}},"20":{"start":{"line":100,"column":26},"end":{"line":100,"column":65}},"21":{"start":{"line":101,"column":8},"end":{"line":101,"column":45}},"22":{"start":{"line":113,"column":33},"end":{"line":113,"column":50}},"23":{"start":{"line":115,"column":8},"end":{"line":118,"column":9}},"24":{"start":{"line":116,"column":12},"end":{"line":117,"column":53}},"25":{"start":{"line":120,"column":8},"end":{"line":120,"column":78}},"26":{"start":{"line":120,"column":61},"end":{"line":120,"column":75}},"27":{"start":{"line":122,"column":8},"end":{"line":124,"column":9}},"28":{"start":{"line":122,"column":41},"end":{"line":122,"column":49}},"29":{"start":{"line":123,"column":12},"end":{"line":123,"column":74}},"30":{"start":{"line":126,"column":8},"end":{"line":126,"column":34}},"31":{"start":{"line":137,"column":8},"end":{"line":139,"column":9}},"32":{"start":{"line":138,"column":12},"end":{"line":138,"column":63}},"33":{"start":{"line":140,"column":30},"end":{"line":140,"column":41}},"34":{"start":{"line":141,"column":30},"end":{"line":141,"column":49}},"35":{"start":{"line":143,"column":8},"end":{"line":147,"column":9}},"36":{"start":{"line":144,"column":30},"end":{"line":144,"column":78}},"37":{"start":{"line":145,"column":25},"end":{"line":145,"column":53}},"38":{"start":{"line":146,"column":12},"end":{"line":146,"column":41}},"39":{"start":{"line":148,"column":8},"end":{"line":148,"column":31}},"40":{"start":{"line":162,"column":33},"end":{"line":162,"column":58}},"41":{"start":{"line":163,"column":28},"end":{"line":163,"column":59}},"42":{"start":{"line":164,"column":32},"end":{"line":164,"column":63}},"43":{"start":{"line":165,"column":31},"end":{"line":165,"column":62}},"44":{"start":{"line":166,"column":33},"end":{"line":166,"column":89}},"45":{"start":{"line":167,"column":8},"end":{"line":169,"column":9}},"46":{"start":{"line":168,"column":12},"end":{"line":168,"column":65}},"47":{"start":{"line":170,"column":8},"end":{"line":172,"column":9}},"48":{"start":{"line":171,"column":12},"end":{"line":171,"column":61}},"49":{"start":{"line":173,"column":8},"end":{"line":175,"column":9}},"50":{"start":{"line":174,"column":12},"end":{"line":174,"column":63}},"51":{"start":{"line":176,"column":8},"end":{"line":178,"column":9}},"52":{"start":{"line":177,"column":12},"end":{"line":177,"column":65}},"53":{"start":{"line":182,"column":8},"end":{"line":207,"column":9}},"54":{"start":{"line":183,"column":26},"end":{"line":183,"column":44}},"55":{"start":{"line":185,"column":35},"end":{"line":185,"column":44}},"56":{"start":{"line":187,"column":12},"end":{"line":204,"column":13}},"57":{"start":{"line":188,"column":25},"end":{"line":188,"column":46}},"58":{"start":{"line":189,"column":25},"end":{"line":189,"column":40}},"59":{"start":{"line":190,"column":25},"end":{"line":190,"column":46}},"60":{"start":{"line":191,"column":25},"end":{"line":191,"column":43}},"61":{"start":{"line":193,"column":40},"end":{"line":193,"column":65}},"62":{"start":{"line":195,"column":46},"end":{"line":195,"column":71}},"63":{"start":{"line":197,"column":34},"end":{"line":197,"column":79}},"64":{"start":{"line":199,"column":38},"end":{"line":199,"column":97}},"65":{"start":{"line":201,"column":16},"end":{"line":201,"column":88}},"66":{"start":{"line":201,"column":50},"end":{"line":201,"column":86}},"67":{"start":{"line":203,"column":16},"end":{"line":203,"column":52}},"68":{"start":{"line":213,"column":0},"end":{"line":213,"column":20}}},"fnMap":{"0":{"name":"(anonymous_0)","decl":{"start":{"line":10,"column":4},"end":{"line":10,"column":5}},"loc":{"start":{"line":10,"column":25},"end":{"line":14,"column":5}},"line":10},"1":{"name":"(anonymous_1)","decl":{"start":{"line":20,"column":4},"end":{"line":20,"column":5}},"loc":{"start":{"line":20,"column":17},"end":{"line":22,"column":5}},"line":20},"2":{"name":"(anonymous_2)","decl":{"start":{"line":28,"column":4},"end":{"line":28,"column":5}},"loc":{"start":{"line":28,"column":18},"end":{"line":30,"column":5}},"line":28},"3":{"name":"(anonymous_3)","decl":{"start":{"line":36,"column":4},"end":{"line":36,"column":5}},"loc":{"start":{"line":36,"column":16},"end":{"line":38,"column":5}},"line":36},"4":{"name":"(anonymous_4)","decl":{"start":{"line":45,"column":4},"end":{"line":45,"column":5}},"loc":{"start":{"line":45,"column":21},"end":{"line":52,"column":5}},"line":45},"5":{"name":"(anonymous_5)","decl":{"start":{"line":58,"column":4},"end":{"line":58,"column":5}},"loc":{"start":{"line":58,"column":22},"end":{"line":60,"column":5}},"line":58},"6":{"name":"(anonymous_6)","decl":{"start":{"line":67,"column":4},"end":{"line":67,"column":5}},"loc":{"start":{"line":67,"column":21},"end":{"line":74,"column":5}},"line":67},"7":{"name":"(anonymous_7)","decl":{"start":{"line":80,"column":4},"end":{"line":80,"column":5}},"loc":{"start":{"line":80,"column":27},"end":{"line":84,"column":5}},"line":80},"8":{"name":"(anonymous_8)","decl":{"start":{"line":90,"column":4},"end":{"line":90,"column":5}},"loc":{"start":{"line":90,"column":27},"end":{"line":92,"column":5}},"line":90},"9":{"name":"(anonymous_9)","decl":{"start":{"line":98,"column":4},"end":{"line":98,"column":5}},"loc":{"start":{"line":98,"column":32},"end":{"line":102,"column":5}},"line":98},"10":{"name":"(anonymous_10)","decl":{"start":{"line":111,"column":4},"end":{"line":111,"column":5}},"loc":{"start":{"line":111,"column":31},"end":{"line":127,"column":5}},"line":111},"11":{"name":"(anonymous_11)","decl":{"start":{"line":120,"column":53},"end":{"line":120,"column":54}},"loc":{"start":{"line":120,"column":61},"end":{"line":120,"column":75}},"line":120},"12":{"name":"(anonymous_12)","decl":{"start":{"line":122,"column":36},"end":{"line":122,"column":37}},"loc":{"start":{"line":122,"column":41},"end":{"line":122,"column":49}},"line":122},"13":{"name":"(anonymous_13)","decl":{"start":{"line":136,"column":4},"end":{"line":136,"column":5}},"loc":{"start":{"line":136,"column":55},"end":{"line":149,"column":5}},"line":136},"14":{"name":"(anonymous_14)","decl":{"start":{"line":160,"column":4},"end":{"line":160,"column":5}},"loc":{"start":{"line":160,"column":74},"end":{"line":209,"column":5}},"line":160},"15":{"name":"(anonymous_15)","decl":{"start":{"line":188,"column":17},"end":{"line":188,"column":18}},"loc":{"start":{"line":188,"column":25},"end":{"line":188,"column":46}},"line":188},"16":{"name":"(anonymous_16)","decl":{"start":{"line":189,"column":17},"end":{"line":189,"column":18}},"loc":{"start":{"line":189,"column":25},"end":{"line":189,"column":40}},"line":189},"17":{"name":"(anonymous_17)","decl":{"start":{"line":190,"column":17},"end":{"line":190,"column":18}},"loc":{"start":{"line":190,"column":25},"end":{"line":190,"column":46}},"line":190},"18":{"name":"(anonymous_18)","decl":{"start":{"line":191,"column":17},"end":{"line":191,"column":18}},"loc":{"start":{"line":191,"column":25},"end":{"line":191,"column":43}},"line":191},"19":{"name":"(anonymous_19)","decl":{"start":{"line":201,"column":40},"end":{"line":201,"column":41}},"loc":{"start":{"line":201,"column":50},"end":{"line":201,"column":86}},"line":201}},"branchMap":{"0":{"loc":{"start":{"line":47,"column":12},"end":{"line":49,"column":13}},"type":"if","locations":[{"start":{"line":47,"column":12},"end":{"line":49,"column":13}},{"start":{"line":47,"column":12},"end":{"line":49,"column":13}}],"line":47},"1":{"loc":{"start":{"line":68,"column":8},"end":{"line":72,"column":9}},"type":"if","locations":[{"start":{"line":68,"column":8},"end":{"line":72,"column":9}},{"start":{"line":68,"column":8},"end":{"line":72,"column":9}}],"line":68},"2":{"loc":{"start":{"line":115,"column":8},"end":{"line":118,"column":9}},"type":"if","locations":[{"start":{"line":115,"column":8},"end":{"line":118,"column":9}},{"start":{"line":115,"column":8},"end":{"line":118,"column":9}}],"line":115},"3":{"loc":{"start":{"line":122,"column":8},"end":{"line":124,"column":9}},"type":"if","locations":[{"start":{"line":122,"column":8},"end":{"line":124,"column":9}},{"start":{"line":122,"column":8},"end":{"line":124,"column":9}}],"line":122},"4":{"loc":{"start":{"line":137,"column":8},"end":{"line":139,"column":9}},"type":"if","locations":[{"start":{"line":137,"column":8},"end":{"line":139,"column":9}},{"start":{"line":137,"column":8},"end":{"line":139,"column":9}}],"line":137},"5":{"loc":{"start":{"line":167,"column":8},"end":{"line":169,"column":9}},"type":"if","locations":[{"start":{"line":167,"column":8},"end":{"line":169,"column":9}},{"start":{"line":167,"column":8},"end":{"line":169,"column":9}}],"line":167},"6":{"loc":{"start":{"line":170,"column":8},"end":{"line":172,"column":9}},"type":"if","locations":[{"start":{"line":170,"column":8},"end":{"line":172,"column":9}},{"start":{"line":170,"column":8},"end":{"line":172,"column":9}}],"line":170},"7":{"loc":{"start":{"line":173,"column":8},"end":{"line":175,"column":9}},"type":"if","locations":[{"start":{"line":173,"column":8},"end":{"line":175,"column":9}},{"start":{"line":173,"column":8},"end":{"line":175,"column":9}}],"line":173},"8":{"loc":{"start":{"line":176,"column":8},"end":{"line":178,"column":9}},"type":"if","locations":[{"start":{"line":176,"column":8},"end":{"line":178,"column":9}},{"start":{"line":176,"column":8},"end":{"line":178,"column":9}}],"line":176}},"s":{"0":1,"1":1,"2":1,"3":1,"4":1,"5":0,"6":4,"7":4,"8":1,"9":3,"10":1,"11":2,"12":2,"13":2,"14":2,"15":0,"16":0,"17":0,"18":1,"19":0,"20":0,"21":0,"22":0,"23":0,"24":0,"25":0,"26":0,"27":0,"28":0,"29":0,"30":0,"31":0,"32":0,"33":0,"34":0,"35":0,"36":0,"37":0,"38":0,"39":0,"40":0,"41":0,"42":0,"43":0,"44":0,"45":0,"46":0,"47":0,"48":0,"49":0,"50":0,"51":0,"52":0,"53":0,"54":0,"55":0,"56":0,"57":0,"58":0,"59":0,"60":0,"61":0,"62":0,"63":0,"64":0,"65":0,"66":0,"67":0,"68":1},"f":{"0":1,"1":1,"2":1,"3":0,"4":4,"5":1,"6":2,"7":0,"8":1,"9":0,"10":0,"11":0,"12":0,"13":0,"14":0,"15":0,"16":0,"17":0,"18":0,"19":0},"b":{"0":[1,3],"1":[2,0],"2":[0,0],"3":[0,0],"4":[0,0],"5":[0,0],"6":[0,0],"7":[0,0],"8":[0,0]},"_coverageSchema":"332fd63041d2c1bcb487cc26dd0d5f7d97098a6c","hash":"a7995ef4256d894f1b645699d14eae12d1a1df5d"}
}
