TN:
SF:C:\xampp\htdocs\daw2\testing\buggy_code\app\data\dataset_utils.js
FN:81,isForward
FN:99,isBack
FN:117,isMidfielder
FN:141,isGoalKeeper
FNF:4
FNH:4
FNDA:20,isForward
FNDA:21,isBack
FNDA:27,isMidfielder
FNDA:14,isGoalKeeper
DA:4,3
DA:82,20
DA:88,10
DA:90,10
DA:100,21
DA:107,9
DA:109,12
DA:118,27
DA:131,24
DA:133,3
DA:142,14
DA:143,2
DA:147,12
DA:150,3
DA:151,3
DA:152,3
DA:153,3
DA:154,3
LF:18
LH:18
BRDA:82,0,0,10
BRDA:82,0,1,10
BRDA:82,1,0,20
BRDA:82,1,1,18
BRDA:82,1,2,17
BRDA:82,1,3,16
BRDA:82,1,4,12
BRDA:82,1,5,11
BRDA:100,2,0,9
BRDA:100,2,1,12
BRDA:100,3,0,21
BRDA:100,3,1,19
BRDA:100,3,2,18
BRDA:100,3,3,17
BRDA:100,3,4,16
BRDA:100,3,5,15
BRDA:100,3,6,14
BRDA:118,4,0,24
BRDA:118,4,1,3
BRDA:118,5,0,27
BRDA:118,5,1,25
BRDA:118,5,2,24
BRDA:118,5,3,23
BRDA:118,5,4,22
BRDA:118,5,5,20
BRDA:118,5,6,19
BRDA:118,5,7,18
BRDA:118,5,8,17
BRDA:118,5,9,16
BRDA:118,5,10,15
BRDA:118,5,11,14
BRDA:118,5,12,10
BRDA:142,6,0,2
BRDA:142,6,1,12
BRF:34
BRH:34
end_of_record
TN:
SF:C:\xampp\htdocs\daw2\testing\buggy_code\app\data\json_reader.js
FN:11,extractDataFromRawJSON
FN:27,readJSONData
FNF:2
FNH:2
FNDA:3,extractDataFromRawJSON
FNDA:6,readJSONData
DA:1,3
DA:2,3
DA:3,3
DA:4,3
DA:12,3
DA:13,3
DA:14,12
DA:15,12
DA:16,12
DA:18,3
DA:28,6
DA:29,6
DA:30,6
DA:32,2
DA:33,1
DA:35,1
DA:37,4
DA:40,3
DA:41,3
LF:19
LH:19
BRDA:32,0,0,1
BRDA:32,0,1,1
BRF:2
BRH:2
end_of_record
TN:
SF:C:\xampp\htdocs\daw2\testing\buggy_code\app\data\player.js
FN:16,(anonymous_0)
FN:26,(anonymous_1)
FN:34,(anonymous_2)
FN:35,(anonymous_3)
FN:36,(anonymous_4)
FN:60,(anonymous_5)
FN:68,(anonymous_6)
FN:76,(anonymous_7)
FN:84,(anonymous_8)
FN:92,(anonymous_9)
FN:100,(anonymous_10)
FN:108,(anonymous_11)
FN:116,(anonymous_12)
FN:124,(anonymous_13)
FN:132,(anonymous_14)
FN:140,(anonymous_15)
FN:149,(anonymous_16)
FNF:17
FNH:16
FNDA:12,(anonymous_0)
FNDA:12,(anonymous_1)
FNDA:12,(anonymous_2)
FNDA:0,(anonymous_3)
FNDA:12,(anonymous_4)
FNDA:2,(anonymous_5)
FNDA:3,(anonymous_6)
FNDA:2,(anonymous_7)
FNDA:2,(anonymous_8)
FNDA:4,(anonymous_9)
FNDA:2,(anonymous_10)
FNDA:2,(anonymous_11)
FNDA:2,(anonymous_12)
FNDA:2,(anonymous_13)
FNDA:11,(anonymous_14)
FNDA:2,(anonymous_15)
FNDA:5,(anonymous_16)
DA:1,3
DA:2,3
DA:3,3
DA:4,3
DA:5,3
DA:6,3
DA:17,12
DA:27,12
DA:28,12
DA:29,12
DA:30,12
DA:31,12
DA:32,12
DA:33,12
DA:34,12
DA:35,12
DA:36,12
DA:37,12
DA:38,12
DA:39,12
DA:40,0
DA:41,0
DA:42,0
DA:45,12
DA:46,12
DA:47,12
DA:48,12
DA:49,12
DA:50,12
DA:51,12
DA:61,2
DA:69,3
DA:77,2
DA:85,2
DA:93,4
DA:101,2
DA:109,2
DA:117,2
DA:125,2
DA:133,11
DA:141,2
DA:150,5
DA:151,2
DA:153,3
DA:157,3
LF:45
LH:42
BRDA:37,0,0,12
BRDA:37,0,1,0
BRDA:40,1,0,0
BRDA:40,1,1,0
BRDA:150,2,0,2
BRDA:150,2,1,3
BRDA:150,3,0,5
BRDA:150,3,1,5
BRF:8
BRH:5
end_of_record
TN:
SF:C:\xampp\htdocs\daw2\testing\buggy_code\app\data\team.js
FN:10,(anonymous_0)
FN:21,(anonymous_1)
FN:29,(anonymous_2)
FN:37,(anonymous_3)
FN:46,(anonymous_4)
FN:59,(anonymous_5)
FN:68,(anonymous_6)
FN:81,(anonymous_7)
FN:91,(anonymous_8)
FN:107,(anonymous_9)
FN:120,(anonymous_10)
FN:129,(anonymous_11)
FN:131,(anonymous_12)
FN:145,(anonymous_13)
FN:169,(anonymous_14)
FN:197,(anonymous_15)
FN:198,(anonymous_16)
FN:199,(anonymous_17)
FN:200,(anonymous_18)
FN:210,(anonymous_19)
FNF:20
FNH:8
FNDA:1,(anonymous_0)
FNDA:1,(anonymous_1)
FNDA:1,(anonymous_2)
FNDA:1,(anonymous_3)
FNDA:4,(anonymous_4)
FNDA:1,(anonymous_5)
FNDA:2,(anonymous_6)
FNDA:0,(anonymous_7)
FNDA:1,(anonymous_8)
FNDA:0,(anonymous_9)
FNDA:0,(anonymous_10)
FNDA:0,(anonymous_11)
FNDA:0,(anonymous_12)
FNDA:0,(anonymous_13)
FNDA:0,(anonymous_14)
FNDA:0,(anonymous_15)
FNDA:0,(anonymous_16)
FNDA:0,(anonymous_17)
FNDA:0,(anonymous_18)
FNDA:0,(anonymous_19)
DA:11,1
DA:12,1
DA:13,1
DA:22,1
DA:30,1
DA:38,1
DA:47,4
DA:48,4
DA:49,1
DA:52,3
DA:60,1
DA:69,2
DA:70,2
DA:71,2
DA:72,2
DA:74,0
DA:82,0
DA:83,0
DA:92,1
DA:93,1
DA:94,1
DA:95,1
DA:96,2
DA:97,2
DA:99,1
DA:100,1
DA:108,0
DA:109,0
DA:110,0
DA:122,0
DA:124,0
DA:125,0
DA:129,0
DA:131,0
DA:132,0
DA:135,0
DA:146,0
DA:147,0
DA:149,0
DA:150,0
DA:152,0
DA:153,0
DA:154,0
DA:155,0
DA:157,0
DA:171,0
DA:172,0
DA:173,0
DA:174,0
DA:175,0
DA:176,0
DA:177,0
DA:179,0
DA:180,0
DA:182,0
DA:183,0
DA:185,0
DA:186,0
DA:191,0
DA:192,0
DA:194,0
DA:196,0
DA:197,0
DA:198,0
DA:199,0
DA:200,0
DA:202,0
DA:204,0
DA:206,0
DA:208,0
DA:210,0
DA:212,0
DA:222,1
LF:73
LH:24
BRDA:48,0,0,1
BRDA:48,0,1,3
BRDA:69,1,0,2
BRDA:69,1,1,0
BRDA:124,2,0,0
BRDA:124,2,1,0
BRDA:131,3,0,0
BRDA:131,3,1,0
BRDA:146,4,0,0
BRDA:146,4,1,0
BRDA:176,5,0,0
BRDA:176,5,1,0
BRDA:179,6,0,0
BRDA:179,6,1,0
BRDA:182,7,0,0
BRDA:182,7,1,0
BRDA:185,8,0,0
BRDA:185,8,1,0
BRF:18
BRH:3
end_of_record
