TN:
SF:C:\xampp\htdocs\daw2\testing\buggy_code\app\data\dataset_utils.js
FN:81,isForward
FN:99,isBack
FN:117,isMidfielder
FN:141,isGoalKeeper
FNF:4
FNH:4
FNDA:26,isForward
FNDA:27,isBack
FNDA:33,isMidfielder
FNDA:20,isGoalKeeper
DA:4,3
DA:82,26
DA:88,10
DA:90,16
DA:100,27
DA:107,11
DA:109,16
DA:118,33
DA:131,26
DA:133,7
DA:142,20
DA:143,4
DA:147,16
DA:150,3
DA:151,3
DA:152,3
DA:153,3
DA:154,3
LF:18
LH:18
BRDA:82,0,0,10
BRDA:82,0,1,16
BRDA:82,1,0,26
BRDA:82,1,1,24
BRDA:82,1,2,23
BRDA:82,1,3,22
BRDA:82,1,4,18
BRDA:82,1,5,17
BRDA:100,2,0,11
BRDA:100,2,1,16
BRDA:100,3,0,27
BRDA:100,3,1,23
BRDA:100,3,2,22
BRDA:100,3,3,21
BRDA:100,3,4,20
BRDA:100,3,5,19
BRDA:100,3,6,18
BRDA:118,4,0,26
BRDA:118,4,1,7
BRDA:118,5,0,33
BRDA:118,5,1,31
BRDA:118,5,2,30
BRDA:118,5,3,29
BRDA:118,5,4,28
BRDA:118,5,5,24
BRDA:118,5,6,23
BRDA:118,5,7,22
BRDA:118,5,8,21
BRDA:118,5,9,20
BRDA:118,5,10,19
BRDA:118,5,11,18
BRDA:118,5,12,14
BRDA:142,6,0,4
BRDA:142,6,1,16
BRF:34
BRH:34
end_of_record
TN:
SF:C:\xampp\htdocs\daw2\testing\buggy_code\app\data\json_reader.js
FN:11,extractDataFromRawJSON
FN:27,readJSONData
FNF:2
FNH:2
FNDA:3,extractDataFromRawJSON
FNDA:6,readJSONData
DA:1,3
DA:2,3
DA:3,3
DA:4,3
DA:12,3
DA:13,3
DA:14,18
DA:15,18
DA:16,18
DA:18,3
DA:28,6
DA:29,6
DA:30,6
DA:32,2
DA:33,1
DA:35,1
DA:37,4
DA:40,3
DA:41,3
LF:19
LH:19
BRDA:32,0,0,1
BRDA:32,0,1,1
BRF:2
BRH:2
end_of_record
TN:
SF:C:\xampp\htdocs\daw2\testing\buggy_code\app\data\player.js
FN:16,(anonymous_0)
FN:26,(anonymous_1)
FN:34,(anonymous_2)
FN:35,(anonymous_3)
FN:36,(anonymous_4)
FN:60,(anonymous_5)
FN:68,(anonymous_6)
FN:76,(anonymous_7)
FN:84,(anonymous_8)
FN:92,(anonymous_9)
FN:100,(anonymous_10)
FN:108,(anonymous_11)
FN:116,(anonymous_12)
FN:124,(anonymous_13)
FN:132,(anonymous_14)
FN:140,(anonymous_15)
FN:149,(anonymous_16)
FNF:17
FNH:16
FNDA:18,(anonymous_0)
FNDA:18,(anonymous_1)
FNDA:18,(anonymous_2)
FNDA:0,(anonymous_3)
FNDA:18,(anonymous_4)
FNDA:2,(anonymous_5)
FNDA:2,(anonymous_6)
FNDA:1,(anonymous_7)
FNDA:1,(anonymous_8)
FNDA:3,(anonymous_9)
FNDA:1,(anonymous_10)
FNDA:1,(anonymous_11)
FNDA:1,(anonymous_12)
FNDA:1,(anonymous_13)
FNDA:11,(anonymous_14)
FNDA:1,(anonymous_15)
FNDA:5,(anonymous_16)
DA:1,3
DA:2,3
DA:3,3
DA:4,3
DA:5,3
DA:6,3
DA:17,18
DA:27,18
DA:28,18
DA:29,18
DA:30,18
DA:31,18
DA:32,18
DA:33,18
DA:34,18
DA:35,18
DA:36,18
DA:37,18
DA:38,18
DA:39,18
DA:40,0
DA:41,0
DA:42,0
DA:45,18
DA:46,18
DA:47,18
DA:48,18
DA:49,18
DA:50,18
DA:51,18
DA:61,2
DA:69,2
DA:77,1
DA:85,1
DA:93,3
DA:101,1
DA:109,1
DA:117,1
DA:125,1
DA:133,11
DA:141,1
DA:150,5
DA:151,2
DA:153,3
DA:157,3
LF:45
LH:42
BRDA:37,0,0,18
BRDA:37,0,1,0
BRDA:40,1,0,0
BRDA:40,1,1,0
BRDA:150,2,0,2
BRDA:150,2,1,3
BRDA:150,3,0,5
BRDA:150,3,1,5
BRF:8
BRH:5
end_of_record
TN:
SF:C:\xampp\htdocs\daw2\testing\buggy_code\app\data\team.js
FN:10,(anonymous_0)
FN:21,(anonymous_1)
FN:29,(anonymous_2)
FN:37,(anonymous_3)
FN:46,(anonymous_4)
FN:59,(anonymous_5)
FN:68,(anonymous_6)
FN:81,(anonymous_7)
FN:91,(anonymous_8)
FN:107,(anonymous_9)
FN:120,(anonymous_10)
FN:129,(anonymous_11)
FN:131,(anonymous_12)
FN:145,(anonymous_13)
FN:169,(anonymous_14)
FN:197,(anonymous_15)
FN:198,(anonymous_16)
FN:199,(anonymous_17)
FN:200,(anonymous_18)
FN:210,(anonymous_19)
FNF:20
FNH:8
FNDA:1,(anonymous_0)
FNDA:1,(anonymous_1)
FNDA:1,(anonymous_2)
FNDA:1,(anonymous_3)
FNDA:4,(anonymous_4)
FNDA:1,(anonymous_5)
FNDA:2,(anonymous_6)
FNDA:0,(anonymous_7)
FNDA:1,(anonymous_8)
FNDA:0,(anonymous_9)
FNDA:0,(anonymous_10)
FNDA:0,(anonymous_11)
FNDA:0,(anonymous_12)
FNDA:0,(anonymous_13)
FNDA:0,(anonymous_14)
FNDA:0,(anonymous_15)
FNDA:0,(anonymous_16)
FNDA:0,(anonymous_17)
FNDA:0,(anonymous_18)
FNDA:0,(anonymous_19)
DA:11,1
DA:12,1
DA:13,1
DA:22,1
DA:30,1
DA:38,1
DA:47,4
DA:48,4
DA:49,1
DA:52,3
DA:60,1
DA:69,2
DA:70,2
DA:71,2
DA:72,2
DA:74,0
DA:82,0
DA:83,0
DA:92,1
DA:93,1
DA:94,1
DA:95,1
DA:96,2
DA:97,2
DA:99,1
DA:100,1
DA:108,0
DA:109,0
DA:110,0
DA:122,0
DA:124,0
DA:125,0
DA:129,0
DA:131,0
DA:132,0
DA:135,0
DA:146,0
DA:147,0
DA:149,0
DA:150,0
DA:152,0
DA:153,0
DA:154,0
DA:155,0
DA:157,0
DA:171,0
DA:172,0
DA:173,0
DA:174,0
DA:175,0
DA:176,0
DA:177,0
DA:179,0
DA:180,0
DA:182,0
DA:183,0
DA:185,0
DA:186,0
DA:191,0
DA:192,0
DA:194,0
DA:196,0
DA:197,0
DA:198,0
DA:199,0
DA:200,0
DA:202,0
DA:204,0
DA:206,0
DA:208,0
DA:210,0
DA:212,0
DA:222,1
LF:73
LH:24
BRDA:48,0,0,1
BRDA:48,0,1,3
BRDA:69,1,0,2
BRDA:69,1,1,0
BRDA:124,2,0,0
BRDA:124,2,1,0
BRDA:131,3,0,0
BRDA:131,3,1,0
BRDA:146,4,0,0
BRDA:146,4,1,0
BRDA:176,5,0,0
BRDA:176,5,1,0
BRDA:179,6,0,0
BRDA:179,6,1,0
BRDA:182,7,0,0
BRDA:182,7,1,0
BRDA:185,8,0,0
BRDA:185,8,1,0
BRF:18
BRH:3
end_of_record
